[update-trending] connecting to mongo -> mongodb://localhost:27017/readers-app
[update-trending] computing trending (limit=100, windowDays=7)
[update-trending] rows returned: 4
[update-trending] executing bulkWrite (4 ops)
[update-trending] bulkWrite result: {
  insertedCount: 0,
  matchedCount: 4,
  modifiedCount: 4,
  upsertedCount: 0
}
[update-trending] done.
[update-trending] connecting to mongo -> mongodb://localhost:27017/readers-app
[update-trending] computing trending (limit=100, windowDays=7)
[update-trending] rows returned: 4
[update-trending] executing bulkWrite (4 ops)
[update-trending] bulkWrite result: {
  insertedCount: 0,
  matchedCount: 4,
  modifiedCount: 4,
  upsertedCount: 0
}
[update-trending] connecting to mongo -> mongodb://localhost:27017/readers-app
[update-trending] computing trending (limit=100, windowDays=7)
[update-trending] rows returned: 4
[update-trending] executing bulkWrite (4 ops)
[update-trending] bulkWrite result: {
  insertedCount: 0,
  matchedCount: 4,
  modifiedCount: 4,
  upsertedCount: 0
}
[update-trending] done.
[update-trending] connecting to mongo -> mongodb://localhost:27017/readers-app
[update-trending] computing trending (limit=100, windowDays=7)
[update-trending] rows returned: 4
[update-trending] executing bulkWrite (4 ops)
[update-trending] bulkWrite result: {
  insertedCount: 0,
  matchedCount: 4,
  modifiedCount: 4,
  upsertedCount: 0
}
[update-trending] done.
[update-trending] connecting to mongo -> mongodb://localhost:27017/readers-app
[update-trending] computing trending (limit=100, windowDays=7)
[update-trending] rows returned: 4
[update-trending] executing bulkWrite (4 ops)
[update-trending] bulkWrite result: {
  insertedCount: 0,
  matchedCount: 4,
  modifiedCount: 4,
  upsertedCount: 0
}
[update-trending] done.
[update-trending] connecting to mongo -> mongodb://localhost:27017/readers-app
[update-trending] computing trending (limit=100, windowDays=7)
[update-trending] rows returned: 4
[update-trending] executing bulkWrite (4 ops)
[update-trending] bulkWrite result: {
  insertedCount: 0,
  matchedCount: 4,
  modifiedCount: 4,
  upsertedCount: 0
}
[update-trending] done.
[update-trending] connecting to mongo -> mongodb://localhost:27017/readers-app
[update-trending] computing trending (limit=100, windowDays=7)
[update-trending] rows returned: 4
[update-trending] executing bulkWrite (4 ops)
[update-trending] bulkWrite result: {
  insertedCount: 0,
  matchedCount: 4,
  modifiedCount: 4,
  upsertedCount: 0
}
[update-trending] done.
[update-trending] connecting to mongo -> mongodb://localhost:27017/readers-app
[update-trending] computing trending (limit=100, windowDays=7)
[update-trending] rows returned: 4
[update-trending] executing bulkWrite (4 ops)
[update-trending] bulkWrite result: {
  insertedCount: 0,
  matchedCount: 4,
  modifiedCount: 4,
  upsertedCount: 0
}
[update-trending] done.
[update-trending] connecting to mongo -> mongodb://localhost:27017/readers-app
[update-trending] computing trending (limit=100, windowDays=7)
[update-trending] rows returned: 4
[update-trending] executing bulkWrite (4 ops)
[update-trending] bulkWrite result: {
  insertedCount: 0,
  matchedCount: 4,
  modifiedCount: 4,
  upsertedCount: 0
}
[update-trending] done.
[update-trending] connecting to mongo -> mongodb://localhost:27017/readers-app
[update-trending] computing trending (limit=100, windowDays=7)
[update-trending] rows returned: 4
[update-trending] executing bulkWrite (4 ops)
[update-trending] bulkWrite result: {
  insertedCount: 0,
  matchedCount: 4,
  modifiedCount: 4,
  upsertedCount: 0
}
[update-trending] done.
[update-trending] connecting to mongo -> mongodb://localhost:27017/readers-app
[update-trending] computing trending (limit=100, windowDays=7)
[update-trending] rows returned: 4
[update-trending] executing bulkWrite (4 ops)
[update-trending] bulkWrite result: {
  insertedCount: 0,
  matchedCount: 4,
  modifiedCount: 4,
  upsertedCount: 0
}
[update-trending] done.
[update-trending] connecting to mongo -> mongodb://localhost:27017/readers-app
[update-trending] computing trending (limit=100, windowDays=7)
[update-trending] rows returned: 4
[update-trending] executing bulkWrite (4 ops)
[update-trending] bulkWrite result: {
  insertedCount: 0,
  matchedCount: 4,
  modifiedCount: 4,
  upsertedCount: 0
}
[update-trending] done.
[update-trending] connecting to mongo -> mongodb://localhost:27017/readers-app
[update-trending] computing trending (limit=100, windowDays=7)
[update-trending] rows returned: 4
[update-trending] executing bulkWrite (4 ops)
[update-trending] bulkWrite result: {
  insertedCount: 0,
  matchedCount: 4,
  modifiedCount: 4,
  upsertedCount: 0
}
[update-trending] done.
[update-trending] connecting to mongo -> mongodb://localhost:27017/readers-app
[update-trending] computing trending (limit=100, windowDays=7)
[update-trending] rows returned: 4
[update-trending] executing bulkWrite (4 ops)
[update-trending] bulkWrite result: {
  insertedCount: 0,
  matchedCount: 4,
  modifiedCount: 4,
  upsertedCount: 0
}
[update-trending] done.
[update-trending] connecting to mongo -> mongodb://localhost:27017/readers-app
[update-trending] computing trending (limit=100, windowDays=7)
[update-trending] rows returned: 4
[update-trending] executing bulkWrite (4 ops)
[update-trending] bulkWrite result: {
  insertedCount: 0,
  matchedCount: 4,
  modifiedCount: 4,
  upsertedCount: 0
}
[update-trending] done.
[update-trending] connecting to mongo -> mongodb://localhost:27017/readers-app
[update-trending] computing trending (limit=100, windowDays=7)
[update-trending] rows returned: 4
[update-trending] executing bulkWrite (4 ops)
[update-trending] bulkWrite result: {
  insertedCount: 0,
  matchedCount: 4,
  modifiedCount: 4,
  upsertedCount: 0
}
[update-trending] done.
[update-trending] connecting to mongo -> mongodb://localhost:27017/readers-app
[update-trending] computing trending (limit=100, windowDays=7)
[update-trending] rows returned: 4
[update-trending] executing bulkWrite (4 ops)
[update-trending] bulkWrite result: {
  insertedCount: 0,
  matchedCount: 4,
  modifiedCount: 4,
  upsertedCount: 0
}
[update-trending] done.
